[14:28:02] [main/INFO]: Environment: authHost='https://authserver.mojang.com', accountsHost='https://api.mojang.com', sessionHost='https://sessionserver.mojang.com', servicesHost='https://api.minecraftservices.com', name='PROD'
[14:28:05] [main/WARN]: Ambiguity between arguments [teleport, location] and [teleport, destination] with inputs: [0.1 -0.5 .9, 0 0 0]
[14:28:05] [main/WARN]: Ambiguity between arguments [teleport, location] and [teleport, targets] with inputs: [0.1 -0.5 .9, 0 0 0]
[14:28:05] [main/WARN]: Ambiguity between arguments [teleport, destination] and [teleport, targets] with inputs: [Player, 0123, @e, dd12be42-52a9-4a91-a8a1-11c01849e498]
[14:28:05] [main/WARN]: Ambiguity between arguments [teleport, targets] and [teleport, destination] with inputs: [Player, 0123, dd12be42-52a9-4a91-a8a1-11c01849e498]
[14:28:05] [main/WARN]: Ambiguity between arguments [teleport, targets, location] and [teleport, targets, destination] with inputs: [0.1 -0.5 .9, 0 0 0]
[14:28:05] [main/INFO]: Reloading ResourceManager: Default
[14:28:09] [Worker-Main-4/INFO]: Loaded 7 recipes
[14:28:09] [Worker-Main-4/INFO]: Loaded 1137 advancements
[14:28:23] [Server thread/INFO]: Starting minecraft server version 1.17
[14:28:23] [Server thread/INFO]: Loading properties
[14:28:23] [Server thread/INFO]: Default game type: SURVIVAL
[14:28:23] [Server thread/INFO]: Generating keypair
[14:28:23] [Server console handler/ERROR]: Exception handling console input
java.io.IOException: The handle is invalid
	at java.io.FileInputStream.readBytes(Native Method) ~[?:?]
	at java.io.FileInputStream.read(FileInputStream.java:271) ~[?:?]
	at java.io.BufferedInputStream.read1(BufferedInputStream.java:282) ~[?:?]
	at java.io.BufferedInputStream.read(BufferedInputStream.java:343) ~[?:?]
	at sun.nio.cs.StreamDecoder.readBytes(StreamDecoder.java:297) ~[?:?]
	at sun.nio.cs.StreamDecoder.implRead(StreamDecoder.java:339) ~[?:?]
	at sun.nio.cs.StreamDecoder.read(StreamDecoder.java:188) ~[?:?]
	at java.io.InputStreamReader.read(InputStreamReader.java:178) ~[?:?]
	at java.io.BufferedReader.fill(BufferedReader.java:161) ~[?:?]
	at java.io.BufferedReader.readLine(BufferedReader.java:329) ~[?:?]
	at java.io.BufferedReader.readLine(BufferedReader.java:396) ~[?:?]
	at aas$1.run(SourceFile:101) [server.jar:?]
[14:28:23] [Server thread/INFO]: Starting Minecraft server on *:25565
[14:28:23] [Server thread/INFO]: Using default channel type
[14:28:25] [Server thread/WARN]: **** SERVER IS RUNNING IN OFFLINE/INSECURE MODE!
[14:28:25] [Server thread/WARN]: The server will make no attempt to authenticate usernames. Beware.
[14:28:25] [Server thread/WARN]: While this makes the game possible to play without internet access, it also opens up the ability for hackers to connect with any username they choose.
[14:28:25] [Server thread/WARN]: To change this, set "online-mode" to "true" in the server.properties file.
[14:28:25] [Server thread/INFO]: Preparing level "world"
[14:28:26] [Server thread/INFO]: Preparing start region for dimension minecraft:overworld
[14:28:27] [Worker-Main-5/INFO]: Preparing spawn area: 0%
[14:28:27] [Worker-Main-6/INFO]: Preparing spawn area: 0%
[14:28:27] [Worker-Main-4/INFO]: Preparing spawn area: 0%
[14:28:27] [Worker-Main-4/INFO]: Preparing spawn area: 0%
[14:28:28] [Worker-Main-6/INFO]: Preparing spawn area: 0%
[14:28:28] [Worker-Main-6/INFO]: Preparing spawn area: 0%
[14:28:29] [Worker-Main-5/INFO]: Preparing spawn area: 0%
[14:28:29] [Worker-Main-4/INFO]: Preparing spawn area: 0%
[14:28:30] [Worker-Main-5/INFO]: Preparing spawn area: 0%
[14:28:30] [Worker-Main-5/INFO]: Preparing spawn area: 0%
[14:28:31] [Worker-Main-5/INFO]: Preparing spawn area: 0%
[14:28:31] [Worker-Main-4/INFO]: Preparing spawn area: 0%
[14:28:32] [Worker-Main-5/INFO]: Preparing spawn area: 0%
[14:28:32] [Worker-Main-6/INFO]: Preparing spawn area: 0%
[14:28:33] [Worker-Main-6/INFO]: Preparing spawn area: 0%
[14:28:33] [Worker-Main-6/INFO]: Preparing spawn area: 0%
[14:28:34] [Worker-Main-5/INFO]: Preparing spawn area: 0%
[14:28:34] [Worker-Main-4/INFO]: Preparing spawn area: 0%
[14:28:40] [Worker-Main-6/INFO]: Preparing spawn area: 4%
[14:28:40] [Worker-Main-4/INFO]: Preparing spawn area: 4%
[14:28:40] [Worker-Main-4/INFO]: Preparing spawn area: 4%
[14:28:40] [Worker-Main-4/INFO]: Preparing spawn area: 4%
[14:28:40] [Worker-Main-4/INFO]: Preparing spawn area: 4%
[14:28:40] [Worker-Main-4/INFO]: Preparing spawn area: 4%
[14:28:40] [Worker-Main-4/INFO]: Preparing spawn area: 4%
[14:28:40] [Worker-Main-4/INFO]: Preparing spawn area: 4%
[14:28:40] [Worker-Main-4/INFO]: Preparing spawn area: 4%
[14:28:40] [Worker-Main-4/INFO]: Preparing spawn area: 4%
[14:28:40] [Worker-Main-4/INFO]: Preparing spawn area: 4%
[14:28:40] [Worker-Main-4/INFO]: Preparing spawn area: 4%
[14:28:41] [Worker-Main-6/INFO]: Preparing spawn area: 43%
[14:28:41] [Worker-Main-4/INFO]: Preparing spawn area: 62%
[14:28:44] [Server thread/INFO]: Time elapsed: 18605 ms
[14:28:44] [Server thread/INFO]: Done (19.023s)! For help, type "help"
[14:43:09] [Server thread/INFO]: onijiang[/127.0.0.1:57316] logged in with entity id 305 at (131.10909141481906, 35.0, 79.15147589509914)
[14:43:09] [Server thread/INFO]: onijiang joined the game
[15:18:44] [Server thread/ERROR]: Failed to save level .\world
java.io.FileNotFoundException: .\world\level3716330211326030538.dat (The process cannot access the file because it is being used by another process)
	at java.io.FileOutputStream.open0(Native Method) ~[?:?]
	at java.io.FileOutputStream.open(FileOutputStream.java:291) ~[?:?]
	at java.io.FileOutputStream.<init>(FileOutputStream.java:234) ~[?:?]
	at java.io.FileOutputStream.<init>(FileOutputStream.java:184) ~[?:?]
	at nk.a(SourceFile:37) ~[server.jar:?]
	at dib$a.a(SourceFile:355) ~[server.jar:?]
	at net.minecraft.server.MinecraftServer.a(SourceFile:594) ~[server.jar:?]
	at net.minecraft.server.MinecraftServer.a(SourceFile:852) ~[server.jar:?]
	at net.minecraft.server.MinecraftServer.x(SourceFile:692) ~[server.jar:?]
	at net.minecraft.server.MinecraftServer.a(SourceFile:274) ~[server.jar:?]
	at java.lang.Thread.run(Thread.java:831) [?:?]
[15:42:52] [Server thread/INFO]: Unknown or incomplete command, see below for error
[15:42:52] [Server thread/INFO]: /save<--[HERE]
[15:43:03] [Server thread/INFO]: [onijiang: Saved the game]
